[2026-02-02T08:18:54.657+0000] {taskinstance.py:1956} INFO - Dependencies all met for dep_context=non-requeueable deps ti=<TaskInstance: daily_order_analytics.run_batch_pipeline manual__2026-02-02T08:18:45.495002+00:00 [queued]>
[2026-02-02T08:18:54.758+0000] {taskinstance.py:1956} INFO - Dependencies all met for dep_context=requeueable deps ti=<TaskInstance: daily_order_analytics.run_batch_pipeline manual__2026-02-02T08:18:45.495002+00:00 [queued]>
[2026-02-02T08:18:54.759+0000] {taskinstance.py:2170} INFO - Starting attempt 1 of 3
[2026-02-02T08:18:54.834+0000] {taskinstance.py:2191} INFO - Executing <Task(SparkSubmitOperator): run_batch_pipeline> on 2026-02-02 08:18:45.495002+00:00
[2026-02-02T08:18:54.850+0000] {standard_task_runner.py:60} INFO - Started process 2990 to run task
[2026-02-02T08:18:54.850+0000] {standard_task_runner.py:87} INFO - Running: ['airflow', 'tasks', 'run', 'daily_order_analytics', 'run_batch_pipeline', 'manual__2026-02-02T08:18:45.495002+00:00', '--job-id', '14', '--raw', '--subdir', 'DAGS_FOLDER/daily_batch_dag.py', '--cfg-path', '/tmp/tmp8ram86w6']
[2026-02-02T08:18:54.875+0000] {standard_task_runner.py:88} INFO - Job 14: Subtask run_batch_pipeline
[2026-02-02T08:18:55.335+0000] {task_command.py:423} INFO - Running <TaskInstance: daily_order_analytics.run_batch_pipeline manual__2026-02-02T08:18:45.495002+00:00 [running]> on host 4ba644d6f495
[2026-02-02T08:18:55.499+0000] {taskinstance.py:2480} INFO - Exporting env vars: AIRFLOW_CTX_DAG_OWNER='data-engineering' AIRFLOW_CTX_DAG_ID='daily_order_analytics' AIRFLOW_CTX_TASK_ID='run_batch_pipeline' AIRFLOW_CTX_EXECUTION_DATE='2026-02-02T08:18:45.495002+00:00' AIRFLOW_CTX_TRY_NUMBER='1' AIRFLOW_CTX_DAG_RUN_ID='manual__2026-02-02T08:18:45.495002+00:00'
[2026-02-02T08:18:55.517+0000] {base.py:83} INFO - Using connection ID 'spark_default' for task execution.
[2026-02-02T08:18:55.518+0000] {spark_submit.py:473} INFO - Spark-Submit cmd: spark-submit --master local --conf spark.jars.packages=org.***ql:***ql:42.7.1 --conf spark.driver.memory=2g --conf spark.executor.memory=2g --name arrow-spark /opt/airflow/dags/src/batch_pipeline.py 2026-02-02
[2026-02-02T08:18:56.707+0000] {spark_submit.py:634} INFO - /home/airflow/.local/lib/python3.11/site-packages/pyspark/bin/load-spark-env.sh: line 68: ps: command not found
[2026-02-02T08:19:01.184+0000] {spark_submit.py:634} INFO - :: loading settings :: url = jar:file:/home/airflow/.local/lib/python3.11/site-packages/pyspark/jars/ivy-2.5.1.jar!/org/apache/ivy/core/settings/ivysettings.xml
[2026-02-02T08:19:01.315+0000] {spark_submit.py:634} INFO - Ivy Default Cache set to: /home/airflow/.ivy2/cache
[2026-02-02T08:19:01.315+0000] {spark_submit.py:634} INFO - The jars for the packages stored in: /home/airflow/.ivy2/jars
[2026-02-02T08:19:01.317+0000] {spark_submit.py:634} INFO - org.***ql#***ql added as a dependency
[2026-02-02T08:19:01.318+0000] {spark_submit.py:634} INFO - :: resolving dependencies :: org.apache.spark#spark-submit-parent-5ff34ef2-8751-4a93-9470-bb1dafc99636;1.0
[2026-02-02T08:19:01.318+0000] {spark_submit.py:634} INFO - confs: [default]
[2026-02-02T08:19:02.549+0000] {spark_submit.py:634} INFO - found org.***ql#***ql;42.7.1 in central
[2026-02-02T08:19:02.703+0000] {spark_submit.py:634} INFO - found org.checkerframework#checker-qual;3.41.0 in central
[2026-02-02T08:19:02.784+0000] {spark_submit.py:634} INFO - downloading https://repo1.maven.org/maven2/org/***ql/***ql/42.7.1/***ql-42.7.1.jar ...
[2026-02-02T08:19:02.992+0000] {spark_submit.py:634} INFO - [SUCCESSFUL ] org.***ql#***ql;42.7.1!***ql.jar (274ms)
[2026-02-02T08:19:03.054+0000] {spark_submit.py:634} INFO - downloading https://repo1.maven.org/maven2/org/checkerframework/checker-qual/3.41.0/checker-qual-3.41.0.jar ...
[2026-02-02T08:19:03.111+0000] {spark_submit.py:634} INFO - [SUCCESSFUL ] org.checkerframework#checker-qual;3.41.0!checker-qual.jar (110ms)
[2026-02-02T08:19:03.114+0000] {spark_submit.py:634} INFO - :: resolution report :: resolve 1394ms :: artifacts dl 401ms
[2026-02-02T08:19:03.116+0000] {spark_submit.py:634} INFO - :: modules in use:
[2026-02-02T08:19:03.117+0000] {spark_submit.py:634} INFO - org.checkerframework#checker-qual;3.41.0 from central in [default]
[2026-02-02T08:19:03.117+0000] {spark_submit.py:634} INFO - org.***ql#***ql;42.7.1 from central in [default]
[2026-02-02T08:19:03.118+0000] {spark_submit.py:634} INFO - ---------------------------------------------------------------------
[2026-02-02T08:19:03.118+0000] {spark_submit.py:634} INFO - |                  |            modules            ||   artifacts   |
[2026-02-02T08:19:03.118+0000] {spark_submit.py:634} INFO - |       conf       | number| search|dwnlded|evicted|| number|dwnlded|
[2026-02-02T08:19:03.118+0000] {spark_submit.py:634} INFO - ---------------------------------------------------------------------
[2026-02-02T08:19:03.118+0000] {spark_submit.py:634} INFO - |      default     |   2   |   2   |   2   |   0   ||   2   |   2   |
[2026-02-02T08:19:03.118+0000] {spark_submit.py:634} INFO - ---------------------------------------------------------------------
[2026-02-02T08:19:03.148+0000] {spark_submit.py:634} INFO - :: retrieving :: org.apache.spark#spark-submit-parent-5ff34ef2-8751-4a93-9470-bb1dafc99636
[2026-02-02T08:19:03.149+0000] {spark_submit.py:634} INFO - confs: [default]
[2026-02-02T08:19:03.261+0000] {spark_submit.py:634} INFO - 2 artifacts copied, 0 already retrieved (1282kB/112ms)
[2026-02-02T08:19:04.218+0000] {spark_submit.py:634} INFO - 26/02/02 08:19:04 WARN NativeCodeLoader: Unable to load native-hadoop library for your platform... using builtin-java classes where applicable
[2026-02-02T08:19:05.020+0000] {spark_submit.py:634} INFO - python3: can't open file '/opt/airflow/dags/src/batch_pipeline.py': [Errno 2] No such file or directory
[2026-02-02T08:19:05.039+0000] {spark_submit.py:634} INFO - 26/02/02 08:19:05 INFO ShutdownHookManager: Shutdown hook called
[2026-02-02T08:19:05.049+0000] {spark_submit.py:634} INFO - 26/02/02 08:19:05 INFO ShutdownHookManager: Deleting directory /tmp/spark-f522167e-a5be-48fe-8a84-34feea52547b
[2026-02-02T08:19:05.160+0000] {taskinstance.py:2698} ERROR - Task failed with exception
Traceback (most recent call last):
  File "/home/airflow/.local/lib/python3.11/site-packages/airflow/models/taskinstance.py", line 433, in _execute_task
    result = execute_callable(context=context, **execute_callable_kwargs)
             ^^^^^^^^^^^^^^^^^^^^^^^^^^^^^^^^^^^^^^^^^^^^^^^^^^^^^^^^^^^^
  File "/home/airflow/.local/lib/python3.11/site-packages/airflow/providers/apache/spark/operators/spark_submit.py", line 176, in execute
    self._hook.submit(self.application)
  File "/home/airflow/.local/lib/python3.11/site-packages/airflow/providers/apache/spark/hooks/spark_submit.py", line 560, in submit
    raise AirflowException(
airflow.exceptions.AirflowException: Cannot execute: spark-submit --master local --conf spark.jars.packages=org.***ql:***ql:42.7.1 --conf spark.driver.memory=2g --conf spark.executor.memory=2g --name arrow-spark /opt/airflow/dags/src/batch_pipeline.py 2026-02-02. Error code is: 2.
[2026-02-02T08:19:05.171+0000] {taskinstance.py:1138} INFO - Marking task as UP_FOR_RETRY. dag_id=daily_order_analytics, task_id=run_batch_pipeline, execution_date=20260202T081845, start_date=20260202T081854, end_date=20260202T081905
[2026-02-02T08:19:05.186+0000] {standard_task_runner.py:107} ERROR - Failed to execute job 14 for task run_batch_pipeline (Cannot execute: spark-submit --master local --conf spark.jars.packages=org.***ql:***ql:42.7.1 --conf spark.driver.memory=2g --conf spark.executor.memory=2g --name arrow-spark /opt/airflow/dags/src/batch_pipeline.py 2026-02-02. Error code is: 2.; 2990)
[2026-02-02T08:19:05.209+0000] {local_task_job_runner.py:234} INFO - Task exited with return code 1
[2026-02-02T08:19:05.355+0000] {taskinstance.py:3280} INFO - 0 downstream tasks scheduled from follow-on schedule check
