[2026-02-02T08:24:07.860+0000] {taskinstance.py:1956} INFO - Dependencies all met for dep_context=non-requeueable deps ti=<TaskInstance: daily_order_analytics.run_batch_pipeline manual__2026-02-02T08:18:45.495002+00:00 [queued]>
[2026-02-02T08:24:07.876+0000] {taskinstance.py:1956} INFO - Dependencies all met for dep_context=requeueable deps ti=<TaskInstance: daily_order_analytics.run_batch_pipeline manual__2026-02-02T08:18:45.495002+00:00 [queued]>
[2026-02-02T08:24:07.877+0000] {taskinstance.py:2170} INFO - Starting attempt 2 of 3
[2026-02-02T08:24:07.910+0000] {taskinstance.py:2191} INFO - Executing <Task(SparkSubmitOperator): run_batch_pipeline> on 2026-02-02 08:18:45.495002+00:00
[2026-02-02T08:24:07.938+0000] {standard_task_runner.py:60} INFO - Started process 3180 to run task
[2026-02-02T08:24:07.969+0000] {standard_task_runner.py:87} INFO - Running: ['airflow', 'tasks', 'run', 'daily_order_analytics', 'run_batch_pipeline', 'manual__2026-02-02T08:18:45.495002+00:00', '--job-id', '15', '--raw', '--subdir', 'DAGS_FOLDER/daily_batch_dag.py', '--cfg-path', '/tmp/tmpyzmmz433']
[2026-02-02T08:24:07.995+0000] {standard_task_runner.py:88} INFO - Job 15: Subtask run_batch_pipeline
[2026-02-02T08:24:08.347+0000] {task_command.py:423} INFO - Running <TaskInstance: daily_order_analytics.run_batch_pipeline manual__2026-02-02T08:18:45.495002+00:00 [running]> on host 4ba644d6f495
[2026-02-02T08:24:08.580+0000] {taskinstance.py:2480} INFO - Exporting env vars: AIRFLOW_CTX_DAG_OWNER='data-engineering' AIRFLOW_CTX_DAG_ID='daily_order_analytics' AIRFLOW_CTX_TASK_ID='run_batch_pipeline' AIRFLOW_CTX_EXECUTION_DATE='2026-02-02T08:18:45.495002+00:00' AIRFLOW_CTX_TRY_NUMBER='2' AIRFLOW_CTX_DAG_RUN_ID='manual__2026-02-02T08:18:45.495002+00:00'
[2026-02-02T08:24:08.650+0000] {base.py:83} INFO - Using connection ID 'spark_default' for task execution.
[2026-02-02T08:24:08.662+0000] {spark_submit.py:473} INFO - Spark-Submit cmd: spark-submit --master local --conf spark.jars.packages=org.***ql:***ql:42.7.1 --conf spark.driver.memory=2g --conf spark.executor.memory=2g --name arrow-spark /opt/airflow/dags/src/batch_pipeline.py 2026-02-02
[2026-02-02T08:24:09.039+0000] {spark_submit.py:634} INFO - /home/airflow/.local/lib/python3.11/site-packages/pyspark/bin/load-spark-env.sh: line 68: ps: command not found
[2026-02-02T08:24:13.750+0000] {spark_submit.py:634} INFO - :: loading settings :: url = jar:file:/home/airflow/.local/lib/python3.11/site-packages/pyspark/jars/ivy-2.5.1.jar!/org/apache/ivy/core/settings/ivysettings.xml
[2026-02-02T08:24:14.052+0000] {spark_submit.py:634} INFO - Ivy Default Cache set to: /home/airflow/.ivy2/cache
[2026-02-02T08:24:14.055+0000] {spark_submit.py:634} INFO - The jars for the packages stored in: /home/airflow/.ivy2/jars
[2026-02-02T08:24:14.071+0000] {spark_submit.py:634} INFO - org.***ql#***ql added as a dependency
[2026-02-02T08:24:14.074+0000] {spark_submit.py:634} INFO - :: resolving dependencies :: org.apache.spark#spark-submit-parent-90db4c50-390b-44be-944d-c13b5f5077ca;1.0
[2026-02-02T08:24:14.076+0000] {spark_submit.py:634} INFO - confs: [default]
[2026-02-02T08:24:14.264+0000] {spark_submit.py:634} INFO - found org.***ql#***ql;42.7.1 in central
[2026-02-02T08:24:14.281+0000] {spark_submit.py:634} INFO - found org.checkerframework#checker-qual;3.41.0 in central
[2026-02-02T08:24:14.303+0000] {spark_submit.py:634} INFO - :: resolution report :: resolve 215ms :: artifacts dl 14ms
[2026-02-02T08:24:14.304+0000] {spark_submit.py:634} INFO - :: modules in use:
[2026-02-02T08:24:14.305+0000] {spark_submit.py:634} INFO - org.checkerframework#checker-qual;3.41.0 from central in [default]
[2026-02-02T08:24:14.305+0000] {spark_submit.py:634} INFO - org.***ql#***ql;42.7.1 from central in [default]
[2026-02-02T08:24:14.305+0000] {spark_submit.py:634} INFO - ---------------------------------------------------------------------
[2026-02-02T08:24:14.305+0000] {spark_submit.py:634} INFO - |                  |            modules            ||   artifacts   |
[2026-02-02T08:24:14.305+0000] {spark_submit.py:634} INFO - |       conf       | number| search|dwnlded|evicted|| number|dwnlded|
[2026-02-02T08:24:14.305+0000] {spark_submit.py:634} INFO - ---------------------------------------------------------------------
[2026-02-02T08:24:14.305+0000] {spark_submit.py:634} INFO - |      default     |   2   |   0   |   0   |   0   ||   2   |   0   |
[2026-02-02T08:24:14.306+0000] {spark_submit.py:634} INFO - ---------------------------------------------------------------------
[2026-02-02T08:24:14.308+0000] {spark_submit.py:634} INFO - :: retrieving :: org.apache.spark#spark-submit-parent-90db4c50-390b-44be-944d-c13b5f5077ca
[2026-02-02T08:24:14.308+0000] {spark_submit.py:634} INFO - confs: [default]
[2026-02-02T08:24:14.312+0000] {spark_submit.py:634} INFO - 0 artifacts copied, 2 already retrieved (0kB/4ms)
[2026-02-02T08:24:14.599+0000] {spark_submit.py:634} INFO - 26/02/02 08:24:14 WARN NativeCodeLoader: Unable to load native-hadoop library for your platform... using builtin-java classes where applicable
[2026-02-02T08:24:15.090+0000] {spark_submit.py:634} INFO - python3: can't open file '/opt/airflow/dags/src/batch_pipeline.py': [Errno 2] No such file or directory
[2026-02-02T08:24:15.098+0000] {spark_submit.py:634} INFO - 26/02/02 08:24:15 INFO ShutdownHookManager: Shutdown hook called
[2026-02-02T08:24:15.098+0000] {spark_submit.py:634} INFO - 26/02/02 08:24:15 INFO ShutdownHookManager: Deleting directory /tmp/spark-cd4b9c55-3ff4-49bd-98f1-23d63bf6058b
[2026-02-02T08:24:15.195+0000] {taskinstance.py:2698} ERROR - Task failed with exception
Traceback (most recent call last):
  File "/home/airflow/.local/lib/python3.11/site-packages/airflow/models/taskinstance.py", line 433, in _execute_task
    result = execute_callable(context=context, **execute_callable_kwargs)
             ^^^^^^^^^^^^^^^^^^^^^^^^^^^^^^^^^^^^^^^^^^^^^^^^^^^^^^^^^^^^
  File "/home/airflow/.local/lib/python3.11/site-packages/airflow/providers/apache/spark/operators/spark_submit.py", line 176, in execute
    self._hook.submit(self.application)
  File "/home/airflow/.local/lib/python3.11/site-packages/airflow/providers/apache/spark/hooks/spark_submit.py", line 560, in submit
    raise AirflowException(
airflow.exceptions.AirflowException: Cannot execute: spark-submit --master local --conf spark.jars.packages=org.***ql:***ql:42.7.1 --conf spark.driver.memory=2g --conf spark.executor.memory=2g --name arrow-spark /opt/airflow/dags/src/batch_pipeline.py 2026-02-02. Error code is: 2.
[2026-02-02T08:24:15.206+0000] {taskinstance.py:1138} INFO - Marking task as UP_FOR_RETRY. dag_id=daily_order_analytics, task_id=run_batch_pipeline, execution_date=20260202T081845, start_date=20260202T082407, end_date=20260202T082415
[2026-02-02T08:24:15.259+0000] {standard_task_runner.py:107} ERROR - Failed to execute job 15 for task run_batch_pipeline (Cannot execute: spark-submit --master local --conf spark.jars.packages=org.***ql:***ql:42.7.1 --conf spark.driver.memory=2g --conf spark.executor.memory=2g --name arrow-spark /opt/airflow/dags/src/batch_pipeline.py 2026-02-02. Error code is: 2.; 3180)
[2026-02-02T08:24:15.283+0000] {local_task_job_runner.py:234} INFO - Task exited with return code 1
[2026-02-02T08:24:15.395+0000] {taskinstance.py:3280} INFO - 0 downstream tasks scheduled from follow-on schedule check
